<?xml version="1.0" encoding="UTF-8"?>
<!-- Generated by org.testng.reporters.JUnitReportReporter -->
<testsuite skipped="0" hostname="vijaya-tester" name="dataDriven.DataDrivenTest" tests="1" failures="0" timestamp="2020-08-19T20:23:30 IST" time="0.638" errors="0">
  <testcase name="excel" time="0.638" classname="dataDriven.DataDrivenTest"/>
</testsuite> <!-- dataDriven.DataDrivenTest -->
