<?xml version="1.0" encoding="UTF-8"?>
<!-- Generated by org.testng.reporters.JUnitReportReporter -->
<testsuite skipped="0" hostname="vijaya-tester" name="dataDriven.CallToAction" tests="2" failures="0" timestamp="2020-09-18T18:28:12 IST" time="194.462" errors="0">
  <testcase name="callToAction" time="108.840" classname="dataDriven.CallToAction"/>
  <testcase name="callToAction" time="85.622" classname="dataDriven.CallToAction"/>
</testsuite> <!-- dataDriven.CallToAction -->
