<?xml version="1.0" encoding="UTF-8"?>
<!-- Generated by org.testng.reporters.JUnitReportReporter -->
<testsuite skipped="0" hostname="vijaya-tester" name="dataDriven.ReadExceldata" tests="1" failures="0" timestamp="2020-08-24T13:00:25 IST" time="0.496" errors="0">
  <testcase name="excel" time="0.496" classname="dataDriven.ReadExceldata"/>
</testsuite> <!-- dataDriven.ReadExceldata -->
