<?xml version="1.0" encoding="UTF-8"?>
<!-- Generated by org.testng.reporters.JUnitReportReporter -->
<testsuite skipped="0" hostname="vijaya-tester" name="dataDriven.LoginTest" tests="2" failures="0" timestamp="2020-09-14T14:30:01 IST" time="46.680" errors="0">
  <testcase name="login" time="19.589" classname="dataDriven.LoginTest"/>
  <testcase name="login" time="27.091" classname="dataDriven.LoginTest"/>
</testsuite> <!-- dataDriven.LoginTest -->
