<?xml version="1.0" encoding="UTF-8"?>
<!-- Generated by org.testng.reporters.JUnitReportReporter -->
<testsuite skipped="0" hostname="vijaya-tester" name="com.nrdemo.Testcases.VerifyHeroImageComponent" tests="2" failures="0" timestamp="2020-10-14T13:32:12 IST" time="115.688" errors="0">
  <testcase name="verifyHeroImageComponent" time="96.027" classname="com.nrdemo.Testcases.VerifyHeroImageComponent"/>
  <testcase name="verifyHeroImagePublisher" time="19.661" classname="com.nrdemo.Testcases.VerifyHeroImageComponent"/>
</testsuite> <!-- com.nrdemo.Testcases.VerifyHeroImageComponent -->
