<?xml version="1.0" encoding="UTF-8"?>
<!-- Generated by org.testng.reporters.JUnitReportReporter -->
<testsuite skipped="0" hostname="vijaya-tester" name="dataDriven.AddAssetsTest" tests="1" failures="0" timestamp="2020-09-21T16:54:45 IST" time="85.417" errors="0">
  <testcase name="addAsset" time="85.417" classname="dataDriven.AddAssetsTest"/>
</testsuite> <!-- dataDriven.AddAssetsTest -->
