<?xml version="1.0" encoding="UTF-8"?>
<!-- Generated by org.testng.reporters.JUnitReportReporter -->
<testsuite skipped="0" hostname="vijaya-tester" name="dataDriven.CtaPublisherTest" tests="1" failures="0" timestamp="2020-09-18T18:28:12 IST" time="25.313" errors="0">
  <testcase name="ctaPublisherTest" time="25.313" classname="dataDriven.CtaPublisherTest"/>
</testsuite> <!-- dataDriven.CtaPublisherTest -->
