<?xml version="1.0" encoding="UTF-8"?>
<!-- Generated by org.testng.reporters.JUnitReportReporter -->
<testsuite skipped="0" hostname="vijaya-tester" name="com.nrdemo.Testcases.VerifyValidLogin" tests="1" failures="0" timestamp="2020-10-12T17:53:03 IST" time="27.440" errors="0">
  <testcase name="checkValidUser" time="27.440" classname="com.nrdemo.Testcases.VerifyValidLogin"/>
</testsuite> <!-- com.nrdemo.Testcases.VerifyValidLogin -->
